<?xml version="1.0" encoding="UTF-8"?>
<!-- Generated by org.testng.reporters.JUnitReportReporter -->
<testsuite hostname="Rohit-RG" failures="0" tests="2" name="com.mcp.qa.testcases.AddCustomersTest" time="8.620" errors="0" timestamp="2024-03-07T21:04:53 IST" skipped="0">
  <testcase classname="com.mcp.qa.testcases.AddCustomersTest" name="customerDetails" time="4.251"/>
  <system-out/>
  <testcase classname="com.mcp.qa.testcases.AddCustomersTest" name="invalidCustomerDetails" time="4.369"/>
  <system-out/>
</testsuite> <!-- com.mcp.qa.testcases.AddCustomersTest -->
