<?xml version="1.0" encoding="UTF-8"?>
<!-- Generated by org.testng.reporters.JUnitReportReporter -->
<testsuite hostname="Rohit-RG" failures="0" tests="1" name="com.mcp.qa.testcases.CustomerLoginTest" time="8.545" errors="0" timestamp="2024-03-07T17:40:57 IST" skipped="0">
  <testcase classname="com.mcp.qa.testcases.CustomerLoginTest" name="testCustomerLoginFlow" time="8.545"/>
  <system-out/>
</testsuite> <!-- com.mcp.qa.testcases.CustomerLoginTest -->
