<?xml version="1.0" encoding="UTF-8"?>
<!-- Generated by org.testng.reporters.JUnitReportReporter -->
<testsuite hostname="Rohit-RG" failures="0" tests="1" name="com.mcp.qa.testcases.TransactionDetailsTest" time="21.470" errors="0" timestamp="2024-03-07T21:04:53 IST" skipped="0">
  <testcase classname="com.mcp.qa.testcases.TransactionDetailsTest" name="testCustomerLoginFlow" time="21.470"/>
  <system-out/>
</testsuite> <!-- com.mcp.qa.testcases.TransactionDetailsTest -->
