<?xml version="1.0" encoding="UTF-8"?>
<!-- Generated by org.testng.reporters.JUnitReportReporter -->
<testsuite hostname="Rohit-RG" failures="0" tests="1" name="com.mcp.qa.testcases.LoginPageTest" time="3.135" errors="0" timestamp="2024-03-06T23:04:31 IST" skipped="0">
  <testcase classname="com.mcp.qa.testcases.LoginPageTest" name="loginTest" time="3.135"/>
  <system-out/>
</testsuite> <!-- com.mcp.qa.testcases.LoginPageTest -->
