<?xml version="1.0" encoding="UTF-8"?>
<!-- Generated by org.testng.reporters.JUnitReportReporter -->
<testsuite hostname="Rohit-RG" failures="0" tests="1" name="com.mcp.qa.testcases.OpenAccountTest" time="7.103" errors="0" timestamp="2024-03-08T16:30:42 IST" skipped="0">
  <testcase classname="com.mcp.qa.testcases.OpenAccountTest" name="managertest" time="7.103"/>
  <system-out/>
</testsuite> <!-- com.mcp.qa.testcases.OpenAccountTest -->
