<?xml version="1.0" encoding="UTF-8"?>
<!-- Generated by org.testng.reporters.JUnitReportReporter -->
<testsuite hostname="Rohit-RG" failures="0" tests="1" name="com.mcp.qa.testcases.ExistingCustomer" time="7.901" errors="0" timestamp="2024-03-07T15:25:18 IST" skipped="0">
  <testcase classname="com.mcp.qa.testcases.ExistingCustomer" name="existingtest" time="7.901"/>
  <system-out/>
</testsuite> <!-- com.mcp.qa.testcases.ExistingCustomer -->
