<?xml version="1.0" encoding="UTF-8"?>
<!-- Generated by org.testng.reporters.JUnitReportReporter -->
<testsuite hostname="Rohit-RG" failures="0" tests="1" name="com.crm.qa.testcases.CheckOutPageTest" time="4.792" errors="0" timestamp="06 Mar 2024 16:29:39 GMT" skipped="0">
  <testcase classname="com.crm.qa.testcases.CheckOutPageTest" name="AddToCartTest1" time="4.792"/>
</testsuite> <!-- com.crm.qa.testcases.CheckOutPageTest -->
