<?xml version="1.0" encoding="UTF-8"?>
<!-- Generated by org.testng.reporters.JUnitReportReporter -->
<testsuite hostname="Rohit-RG" failures="0" tests="1" name="com.mcp.qa.testcases.HomeAndNavigationTest" time="4.213" errors="0" timestamp="2024-03-07T21:04:53 IST" skipped="0">
  <testcase classname="com.mcp.qa.testcases.HomeAndNavigationTest" name="Homepagefun" time="4.213"/>
  <system-out/>
</testsuite> <!-- com.mcp.qa.testcases.HomeAndNavigationTest -->
