<?xml version="1.0" encoding="UTF-8"?>
<!-- Generated by org.testng.reporters.JUnitReportReporter -->
<testsuite hostname="Rohit-RG" failures="0" tests="3" name="com.mcp.qa.testcases.BankManagerDashboardTest" time="19.155" errors="0" timestamp="2024-03-07T13:21:57 IST" skipped="0">
  <testcase classname="com.mcp.qa.testcases.BankManagerDashboardTest" name="managertest" time="6.548"/>
  <system-out/>
  <testcase classname="com.mcp.qa.testcases.BankManagerDashboardTest" name="managerInvalidtest" time="7.748"/>
  <system-out/>
  <testcase classname="com.mcp.qa.testcases.BankManagerDashboardTest" name="existingtest" time="4.859"/>
  <system-out/>
</testsuite> <!-- com.mcp.qa.testcases.BankManagerDashboardTest -->
