<?xml version="1.0" encoding="UTF-8"?>
<!-- Generated by org.testng.reporters.JUnitReportReporter -->
<testsuite hostname="Rohit-RG" failures="0" tests="1" name="com.crm.qa.testcases.AddToCartTest" time="4.003" errors="0" timestamp="02 Mar 2024 06:11:26 GMT" skipped="0">
  <testcase classname="com.crm.qa.testcases.AddToCartTest" name="loginTest" time="4.003"/>
</testsuite> <!-- com.crm.qa.testcases.AddToCartTest -->
