<?xml version="1.0" encoding="UTF-8"?>
<!-- Generated by org.testng.reporters.JUnitReportReporter -->
<testsuite hostname="Rohit-RG" failures="0" tests="1" name="com.crm.qa.testcases.LoginPageTest" time="3.313" errors="0" timestamp="02 Mar 2024 06:18:13 GMT" skipped="0">
  <testcase classname="com.crm.qa.testcases.LoginPageTest" name="loginTest" time="3.313"/>
</testsuite> <!-- com.crm.qa.testcases.LoginPageTest -->
