<?xml version="1.0" encoding="UTF-8"?>
<!-- Generated by org.testng.reporters.JUnitReportReporter -->
<testsuite hostname="Rohit-RG" failures="0" tests="1" name="com.mcp.qa.testcases.ExistingCustomerTest" time="7.638" errors="0" timestamp="2024-03-11T13:50:13 IST" skipped="0">
  <testcase classname="com.mcp.qa.testcases.ExistingCustomerTest" name="existingtest" time="7.638"/>
  <system-out/>
</testsuite> <!-- com.mcp.qa.testcases.ExistingCustomerTest -->
