<?xml version="1.0" encoding="UTF-8"?>
<!-- Generated by org.testng.reporters.JUnitReportReporter -->
<testsuite hostname="Rohit-RG" failures="0" tests="1" name="com.mcp.qa.testcases.CustomersTest" time="7.247" errors="0" timestamp="2024-03-07T21:38:27 IST" skipped="0">
  <testcase classname="com.mcp.qa.testcases.CustomersTest" name="managertest" time="7.247"/>
  <system-out/>
</testsuite> <!-- com.mcp.qa.testcases.CustomersTest -->
